<?xml version="1.0" encoding="UTF-8"?>
<!-- Generated by org.testng.reporters.JUnitXMLReporter -->
<testsuite ignored="0" hostname="IM-RT-LP-895" failures="1" tests="1" name="Surefire test" time="13.48" errors="0" timestamp="2023-05-03T19:56:22 IST">
  <testcase classname="epack.DemoTest" name="testOne" time="13.223">
    <failure type="java.lang.AssertionError" message="expected [PracticeAutomationHereA] but found [PracticeAutomationHere]">
      <![CDATA[java.lang.AssertionError: expected [PracticeAutomationHereA] but found [PracticeAutomationHere]
at epack.DemoTest.testOne(DemoTest.java:30)
at java.base/java.util.ArrayList.forEach(ArrayList.java:1511)
... Removed 38 stack frames]]>
    </failure>
  </testcase> <!-- testOne -->
</testsuite> <!-- Surefire test -->
